#
# There is insufficient memory for the Java Runtime Environment to continue.
# Native memory allocation (mmap) failed to map 15728640 bytes for committing reserved memory.
# Possible reasons:
#   The system is out of physical RAM or swap space
#   In 32 bit mode, the process size limit was hit
# Possible solutions:
#   Reduce memory load on the system
#   Increase physical memory or swap space
#   Check if swap backing store is full
#   Use 64 bit Java on a 64 bit OS
#   Decrease Java heap size (-Xmx/-Xms)
#   Decrease number of Java threads
#   Decrease Java thread stack sizes (-Xss)
#   Set larger code cache with -XX:ReservedCodeCacheSize=
# This output file may be truncated or incomplete.
#
#  Out of Memory Error (os_linux.cpp:2640), pid=822, tid=0x000079c344bfb700
#
# JRE version: OpenJDK Runtime Environment (8.0_152-b01) (build 1.8.0_152-release-1024-b01)
# Java VM: OpenJDK 64-Bit Server VM (25.152-b01 mixed mode linux-amd64 compressed oops)
# Failed to write core dump. Core dumps have been disabled. To enable core dumping, try "ulimit -c unlimited" before starting Java again
#

---------------  T H R E A D  ---------------

Current thread (0x000079c354079800):  VMThread [stack: 0x000079c344afb000,0x000079c344bfc000] [id=830]

Stack: [0x000079c344afb000,0x000079c344bfc000],  sp=0x000079c344bfa4c0,  free space=1021k
Native frames: (J=compiled Java code, j=interpreted, Vv=VM code, C=native code)
V  [libjvm.so+0x9ed02d]  VMError::report_and_die()+0x15d
V  [libjvm.so+0x4b99fa]  report_vm_out_of_memory(char const*, int, unsigned long, VMErrorType, char const*)+0x8a
V  [libjvm.so+0x852c20]  os::pd_commit_memory(char*, unsigned long, unsigned long, bool)+0xf0
V  [libjvm.so+0x84d72f]  os::commit_memory(char*, unsigned long, unsigned long, bool)+0x1f
V  [libjvm.so+0x8c448b]  PSVirtualSpace::expand_by(unsigned long)+0x5b
V  [libjvm.so+0x8c5100]  PSYoungGen::resize_generation(unsigned long, unsigned long)+0xb0
V  [libjvm.so+0x8c541b]  PSYoungGen::resize(unsigned long, unsigned long)+0x1b
V  [libjvm.so+0x8c1b0c]  PSScavenge::invoke_no_policy()+0xdac
V  [libjvm.so+0x8c22e8]  PSScavenge::invoke()+0x38
V  [libjvm.so+0x876633]  ParallelScavengeHeap::failed_mem_allocate(unsigned long)+0x63
V  [libjvm.so+0x9eeb54]  VM_ParallelGCFailedAllocation::doit()+0x84
V  [libjvm.so+0x9f3067]  VM_Operation::evaluate()+0x47
V  [libjvm.so+0x9f1a48]  VMThread::evaluate_operation(VM_Operation*)+0x2c8
V  [libjvm.so+0x9f1ec9]  VMThread::loop()+0x219
V  [libjvm.so+0x9f2312]  VMThread::run()+0x72
V  [libjvm.so+0x850032]  java_start(Thread*)+0xf2

VM_Operation (0x000079c334ef8aa0): ParallelGCFailedAllocation, mode: safepoint, requested by thread 0x000079c300003000


---------------  P R O C E S S  ---------------

Java Threads: ( => current thread )
  0x000079c2ec00c000 JavaThread "RMI RenewClean-[localhost:36281,org.jetbrains.kotlin.daemon.common.LoopbackNetworkInterface$ClientLoopbackSocketFactory@7335162f]" daemon [_thread_blocked, id=4449, stack(0x000079c334cfc000,0x000079c334dfd000)]
  0x000079c300003000 JavaThread "RMI TCP Connection(59)-127.0.0.1" daemon [_thread_blocked, id=4448, stack(0x000079c334dfd000,0x000079c334efe000)]
  0x000079c300001800 JavaThread "RMI TCP Connection(58)-127.0.0.1" daemon [_thread_in_native, id=4446, stack(0x000079c33c508000,0x000079c33c609000)]
  0x000079c2f4012800 JavaThread "RMI Scheduler(0)" daemon [_thread_blocked, id=845, stack(0x000079c334efe000,0x000079c334fff000)]
  0x000079c35400c000 JavaThread "DestroyJavaVM" [_thread_blocked, id=824, stack(0x000079c35d44d000,0x000079c35d54e000)]
  0x000079c35436e000 JavaThread "GC Daemon" daemon [_thread_blocked, id=843, stack(0x000079c33c306000,0x000079c33c407000)]
  0x000079c35436a000 JavaThread "RMI Reaper" [_thread_blocked, id=842, stack(0x000079c33c407000,0x000079c33c508000)]
  0x000079c354359800 JavaThread "Timer-0" daemon [_thread_blocked, id=840, stack(0x000079c33c609000,0x000079c33c70a000)]
  0x000079c354357800 JavaThread "RMI TCP Accept-17371" daemon [_thread_in_native, id=839, stack(0x000079c33c70a000,0x000079c33c80b000)]
  0x000079c3540c1800 JavaThread "Service Thread" daemon [_thread_blocked, id=837, stack(0x000079c344259000,0x000079c34435a000)]
  0x000079c3540be800 JavaThread "C1 CompilerThread2" daemon [_thread_blocked, id=836, stack(0x000079c34435a000,0x000079c34445b000)]
  0x000079c3540bc800 JavaThread "C2 CompilerThread1" daemon [_thread_blocked, id=835, stack(0x000079c34445b000,0x000079c34455c000)]
  0x000079c3540b9800 JavaThread "C2 CompilerThread0" daemon [_thread_blocked, id=834, stack(0x000079c34455c000,0x000079c34465d000)]
  0x000079c3540b8000 JavaThread "Signal Dispatcher" daemon [_thread_blocked, id=833, stack(0x000079c34465d000,0x000079c34475e000)]
  0x000079c354085800 JavaThread "Finalizer" daemon [_thread_blocked, id=832, stack(0x000079c3448f9000,0x000079c3449fa000)]
  0x000079c354081000 JavaThread "Reference Handler" daemon [_thread_blocked, id=831, stack(0x000079c3449fa000,0x000079c344afb000)]

Other Threads:
=>0x000079c354079800 VMThread [stack: 0x000079c344afb000,0x000079c344bfc000] [id=830]
  0x000079c3540c4000 WatcherThread [stack: 0x000079c344158000,0x000079c344259000] [id=838]

VM state:at safepoint (normal execution)

VM Mutex/Monitor currently owned by a thread:  ([mutex/lock_event])
[0x000079c3540081f0] Threads_lock - owner thread: 0x000079c354079800
[0x000079c3540086f0] Heap_lock - owner thread: 0x000079c300003000

Heap:
 PSYoungGen      total 109568K, used 39915K [0x00000000e0000000, 0x00000000ea100000, 0x0000000100000000)
  eden space 69632K, 0% used [0x00000000e0000000,0x00000000e0000000,0x00000000e4400000)
  from space 39936K, 99% used [0x00000000e7a00000,0x00000000ea0fae18,0x00000000ea100000)
  to   space 28160K, 0% used [0x00000000e4400000,0x00000000e4400000,0x00000000e5f80000)
 ParOldGen       total 87040K, used 59322K [0x00000000a0000000, 0x00000000a5500000, 0x00000000e0000000)
  object space 87040K, 68% used [0x00000000a0000000,0x00000000a39eeb10,0x00000000a5500000)
 Metaspace       used 56658K, capacity 57686K, committed 58672K, reserved 1101824K
  class space    used 6585K, capacity 6806K, committed 6960K, reserved 1048576K

Card table byte_map: [0x000079c359ff3000,0x000079c35a2f4000] byte_map_base: 0x000079c359af3000

Marking Bits: (ParMarkBitMap*) 0x000079c35c935440
 Begin Bits: [0x000079c33d000000, 0x000079c33e800000)
 End Bits:   [0x000079c33e800000, 0x000079c340000000)

Polling page: 0x000079c35d55a000

CodeCache: size=245760Kb used=30704Kb max_used=30715Kb free=215055Kb
 bounds [0x000079c345000000, 0x000079c346e30000, 0x000079c354000000]
 total_blobs=9730 nmethods=9211 adapters=431
 compilation: enabled

Compilation events (10 events):
Event: 11769.164 Thread 0x000079c3540b9800 nmethod 11036 0x000079c346deef10 code [0x000079c346def060, 0x000079c346def108]
Event: 11769.164 Thread 0x000079c3540b9800 10889       4       org.jetbrains.kotlin.com.intellij.psi.impl.source.PsiModifierListImpl::hasModifierProperty (45 bytes)
Event: 11769.172 Thread 0x000079c3540bc800 nmethod 11037 0x000079c346e1dcd0 code [0x000079c346e1dea0, 0x000079c346e1e348]
Event: 11769.172 Thread 0x000079c3540bc800 10942       4       org.jetbrains.kotlin.com.intellij.psi.impl.source.PsiFieldImpl::getName (45 bytes)
Event: 11769.179 Thread 0x000079c3540bc800 nmethod 10942 0x000079c346e24b90 code [0x000079c346e24d40, 0x000079c346e25038]
Event: 11769.179 Thread 0x000079c3540bc800 11043       4       org.jetbrains.kotlin.types.AbstractTypeConstructor::getSupertypes (8 bytes)
Event: 11769.188 Thread 0x000079c3540bc800 nmethod 11043 0x000079c346e284d0 code [0x000079c346e286c0, 0x000079c346e28c90]
Event: 11769.188 Thread 0x000079c3540bc800 11047   !   4       java.util.concurrent.ConcurrentHashMap::initTable (115 bytes)
Event: 11769.191 Thread 0x000079c3540bc800 nmethod 11047 0x000079c346e28010 code [0x000079c346e28160, 0x000079c346e28378]
Event: 11769.191 Thread 0x000079c3540bc800 11045       4       org.jetbrains.kotlin.com.intellij.util.text.CharArrayUtil::getChars (241 bytes)

GC Heap History (10 events):
Event: 9288.098 GC heap after
Heap after GC invocations=25 (full 4):
 PSYoungGen      total 102912K, used 15689K [0x00000000e0000000, 0x00000000e7b00000, 0x0000000100000000)
  eden space 79872K, 0% used [0x00000000e0000000,0x00000000e0000000,0x00000000e4e00000)
  from space 23040K, 68% used [0x00000000e4e00000,0x00000000e5d525b0,0x00000000e6480000)
  to   space 22528K, 0% used [0x00000000e6500000,0x00000000e6500000,0x00000000e7b00000)
 ParOldGen       total 87040K, used 22845K [0x00000000a0000000, 0x00000000a5500000, 0x00000000e0000000)
  object space 87040K, 26% used [0x00000000a0000000,0x00000000a164f658,0x00000000a5500000)
 Metaspace       used 56280K, capacity 57284K, committed 58160K, reserved 1099776K
  class space    used 6580K, capacity 6803K, committed 6960K, reserved 1048576K
}
Event: 11766.599 GC heap before
{Heap before GC invocations=26 (full 4):
 PSYoungGen      total 102912K, used 95561K [0x00000000e0000000, 0x00000000e7b00000, 0x0000000100000000)
  eden space 79872K, 100% used [0x00000000e0000000,0x00000000e4e00000,0x00000000e4e00000)
  from space 23040K, 68% used [0x00000000e4e00000,0x00000000e5d525b0,0x00000000e6480000)
  to   space 22528K, 0% used [0x00000000e6500000,0x00000000e6500000,0x00000000e7b00000)
 ParOldGen       total 87040K, used 22845K [0x00000000a0000000, 0x00000000a5500000, 0x00000000e0000000)
  object space 87040K, 26% used [0x00000000a0000000,0x00000000a164f658,0x00000000a5500000)
 Metaspace       used 56383K, capacity 57412K, committed 58416K, reserved 1101824K
  class space    used 6580K, capacity 6803K, committed 6960K, reserved 1048576K
Event: 11766.616 GC heap after
Heap after GC invocations=26 (full 4):
 PSYoungGen      total 97280K, used 9997K [0x00000000e0000000, 0x00000000e7800000, 0x0000000100000000)
  eden space 77824K, 0% used [0x00000000e0000000,0x00000000e0000000,0x00000000e4c00000)
  from space 19456K, 51% used [0x00000000e6500000,0x00000000e6ec3488,0x00000000e7800000)
  to   space 22528K, 0% used [0x00000000e4c00000,0x00000000e4c00000,0x00000000e6200000)
 ParOldGen       total 87040K, used 22853K [0x00000000a0000000, 0x00000000a5500000, 0x00000000e0000000)
  object space 87040K, 26% used [0x00000000a0000000,0x00000000a1651658,0x00000000a5500000)
 Metaspace       used 56383K, capacity 57412K, committed 58416K, reserved 1101824K
  class space    used 6580K, capacity 6803K, committed 6960K, reserved 1048576K
}
Event: 11766.898 GC heap before
{Heap before GC invocations=27 (full 4):
 PSYoungGen      total 97280K, used 87821K [0x00000000e0000000, 0x00000000e7800000, 0x0000000100000000)
  eden space 77824K, 100% used [0x00000000e0000000,0x00000000e4c00000,0x00000000e4c00000)
  from space 19456K, 51% used [0x00000000e6500000,0x00000000e6ec3488,0x00000000e7800000)
  to   space 22528K, 0% used [0x00000000e4c00000,0x00000000e4c00000,0x00000000e6200000)
 ParOldGen       total 87040K, used 22853K [0x00000000a0000000, 0x00000000a5500000, 0x00000000e0000000)
  object space 87040K, 26% used [0x00000000a0000000,0x00000000a1651658,0x00000000a5500000)
 Metaspace       used 56402K, capacity 57418K, committed 58416K, reserved 1101824K
  class space    used 6581K, capacity 6804K, committed 6960K, reserved 1048576K
Event: 11766.907 GC heap after
Heap after GC invocations=27 (full 4):
 PSYoungGen      total 88576K, used 12308K [0x00000000e0000000, 0x00000000e7500000, 0x0000000100000000)
  eden space 75776K, 0% used [0x00000000e0000000,0x00000000e0000000,0x00000000e4a00000)
  from space 12800K, 96% used [0x00000000e4c00000,0x00000000e5805200,0x00000000e5880000)
  to   space 22016K, 0% used [0x00000000e5f80000,0x00000000e5f80000,0x00000000e7500000)
 ParOldGen       total 87040K, used 22861K [0x00000000a0000000, 0x00000000a5500000, 0x00000000e0000000)
  object space 87040K, 26% used [0x00000000a0000000,0x00000000a1653658,0x00000000a5500000)
 Metaspace       used 56402K, capacity 57418K, committed 58416K, reserved 1101824K
  class space    used 6581K, capacity 6804K, committed 6960K, reserved 1048576K
}
Event: 11767.381 GC heap before
{Heap before GC invocations=28 (full 4):
 PSYoungGen      total 88576K, used 88084K [0x00000000e0000000, 0x00000000e7500000, 0x0000000100000000)
  eden space 75776K, 100% used [0x00000000e0000000,0x00000000e4a00000,0x00000000e4a00000)
  from space 12800K, 96% used [0x00000000e4c00000,0x00000000e5805200,0x00000000e5880000)
  to   space 22016K, 0% used [0x00000000e5f80000,0x00000000e5f80000,0x00000000e7500000)
 ParOldGen       total 87040K, used 22861K [0x00000000a0000000, 0x00000000a5500000, 0x00000000e0000000)
  object space 87040K, 26% used [0x00000000a0000000,0x00000000a1653658,0x00000000a5500000)
 Metaspace       used 56418K, capacity 57494K, committed 58416K, reserved 1101824K
  class space    used 6582K, capacity 6806K, committed 6960K, reserved 1048576K
Event: 11767.440 GC heap after
Heap after GC invocations=28 (full 4):
 PSYoungGen      total 91648K, used 22007K [0x00000000e0000000, 0x00000000e8f80000, 0x0000000100000000)
  eden space 69632K, 0% used [0x00000000e0000000,0x00000000e0000000,0x00000000e4400000)
  from space 22016K, 99% used [0x00000000e5f80000,0x00000000e74fdff0,0x00000000e7500000)
  to   space 28160K, 0% used [0x00000000e4400000,0x00000000e4400000,0x00000000e5f80000)
 ParOldGen       total 87040K, used 32616K [0x00000000a0000000, 0x00000000a5500000, 0x00000000e0000000)
  object space 87040K, 37% used [0x00000000a0000000,0x00000000a1fda2d8,0x00000000a5500000)
 Metaspace       used 56418K, capacity 57494K, committed 58416K, reserved 1101824K
  class space    used 6582K, capacity 6806K, committed 6960K, reserved 1048576K
}
Event: 11768.319 GC heap before
{Heap before GC invocations=29 (full 4):
 PSYoungGen      total 91648K, used 91639K [0x00000000e0000000, 0x00000000e8f80000, 0x0000000100000000)
  eden space 69632K, 100% used [0x00000000e0000000,0x00000000e4400000,0x00000000e4400000)
  from space 22016K, 99% used [0x00000000e5f80000,0x00000000e74fdff0,0x00000000e7500000)
  to   space 28160K, 0% used [0x00000000e4400000,0x00000000e4400000,0x00000000e5f80000)
 ParOldGen       total 87040K, used 32616K [0x00000000a0000000, 0x00000000a5500000, 0x00000000e0000000)
  object space 87040K, 37% used [0x00000000a0000000,0x00000000a1fda2d8,0x00000000a5500000)
 Metaspace       used 56626K, capacity 57686K, committed 58672K, reserved 1101824K
  class space    used 6582K, capacity 6806K, committed 6960K, reserved 1048576K
Event: 11768.383 GC heap after
Heap after GC invocations=29 (full 4):
 PSYoungGen      total 97792K, used 28138K [0x00000000e0000000, 0x00000000ea100000, 0x0000000100000000)
  eden space 69632K, 0% used [0x00000000e0000000,0x00000000e0000000,0x00000000e4400000)
  from space 28160K, 99% used [0x00000000e4400000,0x00000000e5f7a930,0x00000000e5f80000)
  to   space 39936K, 0% used [0x00000000e7a00000,0x00000000e7a00000,0x00000000ea100000)
 ParOldGen       total 87040K, used 56020K [0x00000000a0000000, 0x00000000a5500000, 0x00000000e0000000)
  object space 87040K, 64% used [0x00000000a0000000,0x00000000a36b5048,0x00000000a5500000)
 Metaspace       used 56626K, capacity 57686K, committed 58672K, reserved 1101824K
  class space    used 6582K, capacity 6806K, committed 6960K, reserved 1048576K
}
Event: 11769.202 GC heap before
{Heap before GC invocations=30 (full 4):
 PSYoungGen      total 97792K, used 97770K [0x00000000e0000000, 0x00000000ea100000, 0x0000000100000000)
  eden space 69632K, 100% used [0x00000000e0000000,0x00000000e4400000,0x00000000e4400000)
  from space 28160K, 99% used [0x00000000e4400000,0x00000000e5f7a930,0x00000000e5f80000)
  to   space 39936K, 0% used [0x00000000e7a00000,0x00000000e7a00000,0x00000000ea100000)
 ParOldGen       total 87040K, used 56020K [0x00000000a0000000, 0x00000000a5500000, 0x00000000e0000000)
  object space 87040K, 64% used [0x00000000a0000000,0x00000000a36b5048,0x00000000a5500000)
 Metaspace       used 56658K, capacity 57686K, committed 58672K, reserved 1101824K
  class space    used 6585K, capacity 6806K, committed 6960K, reserved 1048576K

Deoptimization events (10 events):
Event: 9287.808 Thread 0x000079c300003000 Uncommon trap: reason=unstable_if action=reinterpret pc=0x000079c3456dcd40 method=java.util.concurrent.ConcurrentHashMap.get(Ljava/lang/Object;)Ljava/lang/Object; @ 76
Event: 11766.452 Thread 0x000079c300003000 Uncommon trap: reason=unstable_if action=reinterpret pc=0x000079c34656dc00 method=org.jetbrains.kotlin.com.intellij.util.io.PagedFileStorage.getBufferWrapper(JZ)Lorg/jetbrains/kotlin/com/intellij/util/io/ByteBufferWrapper; @ 29
Event: 11766.553 Thread 0x000079c300003000 Uncommon trap: reason=unstable_if action=reinterpret pc=0x000079c3466433a4 method=org.jetbrains.kotlin.com.intellij.util.containers.hash.LinkedHashMap.remove(Ljava/lang/Object;)Ljava/lang/Object; @ 117
Event: 11766.637 Thread 0x000079c300003000 Uncommon trap: reason=unstable_if action=reinterpret pc=0x000079c34584068c method=org.jetbrains.kotlin.com.intellij.util.containers.hash.LinkedHashMap.remove(Ljava/lang/Object;)Ljava/lang/Object; @ 117
Event: 11766.892 Thread 0x000079c300003000 Uncommon trap: reason=speculate_class_check action=maybe_recompile pc=0x000079c3459f0238 method=org.jetbrains.kotlin.com.intellij.util.containers.hash.LinkedHashMap.doRemoveEldestEntry()V @ 8
Event: 11766.892 Thread 0x000079c300003000 Uncommon trap: reason=speculate_class_check action=maybe_recompile pc=0x000079c3459f0238 method=org.jetbrains.kotlin.com.intellij.util.containers.hash.LinkedHashMap.doRemoveEldestEntry()V @ 8
Event: 11768.402 Thread 0x000079c300003000 Uncommon trap: reason=unstable_if action=reinterpret pc=0x000079c346db7ac4 method=org.jetbrains.kotlin.resolve.MemberComparator$NameAndTypeMemberComparator.getDeclarationPriority(Lorg/jetbrains/kotlin/descriptors/DeclarationDescriptor;)I @ 48
Event: 11769.061 Thread 0x000079c300003000 Uncommon trap: reason=class_check action=maybe_recompile pc=0x000079c346bc92e0 method=org.jetbrains.kotlin.load.java.structure.impl.JavaElementCollectionFromPsiArrayUtil.annotations([Lorg/jetbrains/kotlin/com/intellij/psi/PsiAnnotation;)Ljava/util/Collect
Event: 11769.061 Thread 0x000079c300003000 Uncommon trap: reason=class_check action=maybe_recompile pc=0x000079c346bc92e0 method=org.jetbrains.kotlin.load.java.structure.impl.JavaElementCollectionFromPsiArrayUtil.annotations([Lorg/jetbrains/kotlin/com/intellij/psi/PsiAnnotation;)Ljava/util/Collect
Event: 11769.067 Thread 0x000079c300003000 Uncommon trap: reason=unstable_if action=reinterpret pc=0x000079c345699ba4 method=org.jetbrains.org.objectweb.asm.ClassReader.readMethod(Lorg/jetbrains/org/objectweb/asm/ClassVisitor;Lorg/jetbrains/org/objectweb/asm/Context;I)I @ 735

Classes redefined (0 events):
No events

Internal exceptions (10 events):
Event: 9288.231 Thread 0x000079c300003000 Exception <a 'sun/nio/fs/UnixException'> (0x00000000e0571f88) thrown at [/usr/local/google/home/ralucas/source/AOSP-openjdk-git/jdk8u/hotspot/src/share/vm/prims/jni.cpp, line 709]
Event: 9288.231 Thread 0x000079c300003000 Exception <a 'sun/nio/fs/UnixException'> (0x00000000e0576d10) thrown at [/usr/local/google/home/ralucas/source/AOSP-openjdk-git/jdk8u/hotspot/src/share/vm/prims/jni.cpp, line 709]
Event: 9288.232 Thread 0x000079c300003000 Exception <a 'java/io/FileNotFoundException'> (0x00000000e0578710) thrown at [/usr/local/google/home/ralucas/source/AOSP-openjdk-git/jdk8u/hotspot/src/share/vm/prims/jni.cpp, line 709]
Event: 9288.232 Thread 0x000079c300003000 Exception <a 'java/io/FileNotFoundException'> (0x00000000e0579f38) thrown at [/usr/local/google/home/ralucas/source/AOSP-openjdk-git/jdk8u/hotspot/src/share/vm/prims/jni.cpp, line 709]
Event: 11766.420 Thread 0x000079c2ec00c000 Exception <a 'java/lang/InterruptedException'> (0x00000000e2e5b9e8) thrown at [/usr/local/google/home/ralucas/source/AOSP-openjdk-git/jdk8u/hotspot/src/share/vm/runtime/objectMonitor.cpp, line 1684]
Event: 11766.442 Thread 0x000079c300003000 Exception <a 'java/io/FileNotFoundException'> (0x00000000e2f040c0) thrown at [/usr/local/google/home/ralucas/source/AOSP-openjdk-git/jdk8u/hotspot/src/share/vm/prims/jni.cpp, line 709]
Event: 11766.442 Thread 0x000079c300003000 Exception <a 'sun/nio/fs/UnixException'> (0x00000000e2f058a8) thrown at [/usr/local/google/home/ralucas/source/AOSP-openjdk-git/jdk8u/hotspot/src/share/vm/prims/jni.cpp, line 709]
Event: 11766.443 Thread 0x000079c300003000 Exception <a 'sun/nio/fs/UnixException'> (0x00000000e2f0a868) thrown at [/usr/local/google/home/ralucas/source/AOSP-openjdk-git/jdk8u/hotspot/src/share/vm/prims/jni.cpp, line 709]
Event: 11766.443 Thread 0x000079c300003000 Exception <a 'java/io/FileNotFoundException'> (0x00000000e2f0bf08) thrown at [/usr/local/google/home/ralucas/source/AOSP-openjdk-git/jdk8u/hotspot/src/share/vm/prims/jni.cpp, line 709]
Event: 11766.443 Thread 0x000079c300003000 Exception <a 'java/io/FileNotFoundException'> (0x00000000e2f0d810) thrown at [/usr/local/google/home/ralucas/source/AOSP-openjdk-git/jdk8u/hotspot/src/share/vm/prims/jni.cpp, line 709]

Events (10 events):
Event: 11769.061 Thread 0x000079c300003000 DEOPT PACKING pc=0x000079c346bc92e0 sp=0x000079c334ef8c10
Event: 11769.061 Thread 0x000079c300003000 DEOPT UNPACKING pc=0x000079c34504547a sp=0x000079c334ef8bb8 mode 2
Event: 11769.066 Thread 0x000079c300003000 Uncommon trap: trap_request=0xffffff65 fr.pc=0x000079c345699ba4
Event: 11769.067 Thread 0x000079c300003000 DEOPT PACKING pc=0x000079c345699ba4 sp=0x000079c334ef83d0
Event: 11769.067 Thread 0x000079c300003000 DEOPT UNPACKING pc=0x000079c34504547a sp=0x000079c334ef83a0 mode 2
Event: 11769.068 loading class org/jetbrains/kotlin/load/java/lazy/JavaTypeQualifiersByElementType
Event: 11769.068 loading class org/jetbrains/kotlin/load/java/lazy/JavaTypeQualifiersByElementType done
Event: 11769.094 Thread 0x000079c300003000 DEOPT PACKING pc=0x000079c346ab5a9d sp=0x000079c334ef8ec0
Event: 11769.094 Thread 0x000079c300003000 DEOPT UNPACKING pc=0x000079c3450474c4 sp=0x000079c334ef8c38 mode 0
Event: 11769.202 Executing VM operation: ParallelGCFailedAllocation


Dynamic libraries:
00400000-00401000 r-xp 00000000 00:23 50314                              /opt/android-studio/jre/jre/bin/java
00600000-00601000 r--p 00000000 00:23 50314                              /opt/android-studio/jre/jre/bin/java
00601000-00602000 rw-p 00001000 00:23 50314                              /opt/android-studio/jre/jre/bin/java
00808000-00829000 rw-p 00000000 00:00 0                                  [heap]
a0000000-a5500000 rw-p 00000000 00:00 0 
a5500000-e0000000 ---p 00000000 00:00 0 
e0000000-ea100000 rw-p 00000000 00:00 0 
eb000000-100000000 ---p 00000000 00:00 0 
100000000-1006cc000 rw-p 00000000 00:00 0 
1006cc000-140000000 ---p 00000000 00:00 0 
79c2d4000000-79c2d4021000 rw-p 00000000 00:00 0 
79c2d4021000-79c2d8000000 ---p 00000000 00:00 0 
79c2dc000000-79c2dc021000 rw-p 00000000 00:00 0 
79c2dc021000-79c2e0000000 ---p 00000000 00:00 0 
79c2e0000000-79c2e0761000 rw-p 00000000 00:00 0 
79c2e0761000-79c2e4000000 ---p 00000000 00:00 0 
79c2e5ee1000-79c2e5f61000 rw-p 00000000 00:00 0 
79c2e5f61000-79c2e60e1000 ---p 00000000 00:00 0 
79c2e60e1000-79c2e62e1000 rw-p 00000000 00:00 0 
79c2e62e1000-79c2e64e1000 rw-p 00000000 00:00 0 
79c2e64e1000-79c2e66e1000 rw-p 00000000 00:00 0 
79c2e66e1000-79c2e68e1000 rw-p 00000000 00:00 0 
79c2e68e1000-79c2e6ae1000 rw-p 00000000 00:00 0 
79c2e6ae1000-79c2e6bed000 r--s 01b1a000 00:23 137768                     /home/przestrzelskicom/Android/Sdk/platforms/android-27/android.jar
79c2e6bed000-79c2e6bf0000 ---p 00000000 00:00 0 
79c2e6bf0000-79c2e6eee000 rw-p 00000000 00:00 0 
79c2e6eee000-79c2e70ee000 rw-p 00000000 00:00 0 
79c2e70ee000-79c2e72ee000 rw-p 00000000 00:00 0 
79c2e72ee000-79c2e74ee000 rw-p 00000000 00:00 0 
79c2e74ee000-79c2e76ee000 rw-p 00000000 00:00 0 
79c2e76ee000-79c2e78ee000 rw-p 00000000 00:00 0 
79c2e78ee000-79c2e7aee000 rw-p 00000000 00:00 0 
79c2e7af4000-79c2e7cf4000 rw-p 00000000 00:00 0 
79c2e7cff000-79c2e7d02000 ---p 00000000 00:00 0 
79c2e7d02000-79c2e8000000 rw-p 00000000 00:00 0 
79c2e8000000-79c2e827f000 rw-p 00000000 00:00 0 
79c2e827f000-79c2ec000000 ---p 00000000 00:00 0 
79c2ec000000-79c2ed6b9000 rw-p 00000000 00:00 0 
79c2ed6b9000-79c2f0000000 ---p 00000000 00:00 0 
79c2f0000000-79c2f0021000 rw-p 00000000 00:00 0 
79c2f0021000-79c2f4000000 ---p 00000000 00:00 0 
79c2f4000000-79c2f42c6000 rw-p 00000000 00:00 0 
79c2f42c6000-79c2f8000000 ---p 00000000 00:00 0 
79c2f8000000-79c2f812f000 rw-p 00000000 00:00 0 
79c2f812f000-79c2fc000000 ---p 00000000 00:00 0 
79c2fc000000-79c2fc021000 rw-p 00000000 00:00 0 
79c2fc021000-79c300000000 ---p 00000000 00:00 0 
79c300000000-79c300021000 rw-p 00000000 00:00 0 
79c300021000-79c304000000 ---p 00000000 00:00 0 
79c304000000-79c304021000 rw-p 00000000 00:00 0 
79c304021000-79c308000000 ---p 00000000 00:00 0 
79c308000000-79c308021000 rw-p 00000000 00:00 0 
79c308021000-79c30c000000 ---p 00000000 00:00 0 
79c30c000000-79c30c021000 rw-p 00000000 00:00 0 
79c30c021000-79c310000000 ---p 00000000 00:00 0 
79c310000000-79c311c03000 rw-p 00000000 00:00 0 
79c311c03000-79c314000000 ---p 00000000 00:00 0 
79c314000000-79c3152c9000 rw-p 00000000 00:00 0 
79c3152c9000-79c318000000 ---p 00000000 00:00 0 
79c318000000-79c318021000 rw-p 00000000 00:00 0 
79c318021000-79c31c000000 ---p 00000000 00:00 0 
79c31c000000-79c31de21000 rw-p 00000000 00:00 0 
79c31de21000-79c320000000 ---p 00000000 00:00 0 
79c320000000-79c320021000 rw-p 00000000 00:00 0 
79c320021000-79c324000000 ---p 00000000 00:00 0 
79c324000000-79c324021000 rw-p 00000000 00:00 0 
79c324021000-79c328000000 ---p 00000000 00:00 0 
79c328000000-79c328021000 rw-p 00000000 00:00 0 
79c328021000-79c32c000000 ---p 00000000 00:00 0 
79c32c000000-79c32c280000 rw-p 00000000 00:00 0 
79c32c280000-79c330000000 ---p 00000000 00:00 0 
79c330000000-79c330021000 rw-p 00000000 00:00 0 
79c330021000-79c334000000 ---p 00000000 00:00 0 
79c3340fc000-79c3342fc000 rw-p 00000000 00:00 0 
79c3342fc000-79c3344fc000 rw-p 00000000 00:00 0 
79c3344fc000-79c3346fc000 rw-p 00000000 00:00 0 
79c3346fc000-79c3348fc000 rw-p 00000000 00:00 0 
79c3348fc000-79c334afc000 rw-p 00000000 00:00 0 
79c334afc000-79c334cfc000 rw-p 00000000 00:00 0 
79c334cfc000-79c334cff000 ---p 00000000 00:00 0 
79c334cff000-79c334dfd000 rw-p 00000000 00:00 0 
79c334dfd000-79c334e00000 ---p 00000000 00:00 0 
79c334e00000-79c334efe000 rw-p 00000000 00:00 0 
79c334efe000-79c334f01000 ---p 00000000 00:00 0 
79c334f01000-79c338000000 rw-p 00000000 00:00 0 
79c338000000-79c338022000 rw-p 00000000 00:00 0 
79c338022000-79c33c000000 ---p 00000000 00:00 0 
79c33c005000-79c33c205000 rw-p 00000000 00:00 0 
79c33c205000-79c33c208000 ---p 00000000 00:00 0 
79c33c208000-79c33c306000 rw-p 00000000 00:00 0 
79c33c306000-79c33c309000 ---p 00000000 00:00 0 
79c33c309000-79c33c407000 rw-p 00000000 00:00 0 
79c33c407000-79c33c40a000 ---p 00000000 00:00 0 
79c33c40a000-79c33c508000 rw-p 00000000 00:00 0 
79c33c508000-79c33c50b000 ---p 00000000 00:00 0 
79c33c50b000-79c33c609000 rw-p 00000000 00:00 0 
79c33c609000-79c33c60c000 ---p 00000000 00:00 0 
79c33c60c000-79c33c70a000 rw-p 00000000 00:00 0 
79c33c70a000-79c33c70d000 ---p 00000000 00:00 0 
79c33c70d000-79c33c80b000 rw-p 00000000 00:00 0 
79c33c80b000-79c33c821000 r-xp 00000000 00:23 50344                      /opt/android-studio/jre/jre/lib/amd64/libnet.so
79c33c821000-79c33ca21000 ---p 00016000 00:23 50344                      /opt/android-studio/jre/jre/lib/amd64/libnet.so
79c33ca21000-79c33ca22000 r--p 00016000 00:23 50344                      /opt/android-studio/jre/jre/lib/amd64/libnet.so
79c33ca22000-79c33ca23000 rw-p 00017000 00:23 50344                      /opt/android-studio/jre/jre/lib/amd64/libnet.so
79c33ca23000-79c33ca34000 r-xp 00000000 00:23 50346                      /opt/android-studio/jre/jre/lib/amd64/libnio.so
79c33ca34000-79c33cc33000 ---p 00011000 00:23 50346                      /opt/android-studio/jre/jre/lib/amd64/libnio.so
79c33cc33000-79c33cc34000 r--p 00010000 00:23 50346                      /opt/android-studio/jre/jre/lib/amd64/libnio.so
79c33cc34000-79c33cc35000 rw-p 00011000 00:23 50346                      /opt/android-studio/jre/jre/lib/amd64/libnio.so
79c33cc35000-79c33cc3e000 r-xp 00000000 00:23 50352                      /opt/android-studio/jre/jre/lib/amd64/libmanagement.so
79c33cc3e000-79c33ce3d000 ---p 00009000 00:23 50352                      /opt/android-studio/jre/jre/lib/amd64/libmanagement.so
79c33ce3d000-79c33ce3e000 r--p 00008000 00:23 50352                      /opt/android-studio/jre/jre/lib/amd64/libmanagement.so
79c33ce3e000-79c33ce3f000 rw-p 00009000 00:23 50352                      /opt/android-studio/jre/jre/lib/amd64/libmanagement.so
79c33ce3f000-79c33d000000 r--s 018be000 00:23 137080                     /home/przestrzelskicom/.gradle/caches/modules-2/files-2.1/org.jetbrains.kotlin/kotlin-compiler-embeddable/1.2.51/205147cc6c2dcbe7d9d71125fe315b14b8a14be4/kotlin-compiler-embeddable-1.2.51.jar
79c33d000000-79c340000000 rw-p 00000000 00:00 0 
79c340000000-79c340024000 rw-p 00000000 00:00 0 
79c340024000-79c344000000 ---p 00000000 00:00 0 
79c3440df000-79c344158000 r--s 010fd000 00:23 50297                      /opt/android-studio/jre/lib/tools.jar
79c344158000-79c344159000 ---p 00000000 00:00 0 
79c344159000-79c344259000 rw-p 00000000 00:00 0 
79c344259000-79c34425c000 ---p 00000000 00:00 0 
79c34425c000-79c34435a000 rw-p 00000000 00:00 0 
79c34435a000-79c34435d000 ---p 00000000 00:00 0 
79c34435d000-79c34445b000 rw-p 00000000 00:00 0 
79c34445b000-79c34445e000 ---p 00000000 00:00 0 
79c34445e000-79c34455c000 rw-p 00000000 00:00 0 
79c34455c000-79c34455f000 ---p 00000000 00:00 0 
79c34455f000-79c34465d000 rw-p 00000000 00:00 0 
79c34465d000-79c344660000 ---p 00000000 00:00 0 
79c344660000-79c34475e000 rw-p 00000000 00:00 0 
79c34475e000-79c3448f9000 r--p 00000000 00:23 2874                       /usr/lib/locale/locale-archive
79c3448f9000-79c3448fc000 ---p 00000000 00:00 0 
79c3448fc000-79c3449fa000 rw-p 00000000 00:00 0 
79c3449fa000-79c3449fd000 ---p 00000000 00:00 0 
79c3449fd000-79c344afb000 rw-p 00000000 00:00 0 
79c344afb000-79c344afc000 ---p 00000000 00:00 0 
79c344afc000-79c345000000 rw-p 00000000 00:00 0 
79c345000000-79c346e30000 rwxp 00000000 00:00 0 
79c346e30000-79c354000000 ---p 00000000 00:00 0 
79c354000000-79c3543d6000 rw-p 00000000 00:00 0 
79c3543d6000-79c358000000 ---p 00000000 00:00 0 
79c358016000-79c358019000 r--s 00013000 00:23 151885                     /home/przestrzelskicom/.gradle/caches/transforms-1/files-1.1/fastadapter-3.2.5.aar/09a3602fe8e6f82bc15c1e0e1b318f4d/jars/classes.jar
79c358019000-79c35801b000 r--s 00004000 00:23 151556                     /home/przestrzelskicom/.gradle/caches/modules-2/files-2.1/android.arch.lifecycle/common/1.1.0/edf3f7bfb84a7521d0599efa3b0113a0ee90f85/common-1.1.0.jar
79c35801b000-79c358021000 r--s 00015000 00:23 137200                     /home/przestrzelskicom/.gradle/caches/modules-2/files-2.1/org.jetbrains.kotlin/kotlin-stdlib-common/1.2.51/e4a9d4b13ab19ed1e6531fce6df98e8cfa7f7301/kotlin-stdlib-common-1.2.51.jar
79c358021000-79c358023000 r--s 00006000 00:23 151497                     /home/przestrzelskicom/.gradle/caches/modules-2/files-2.1/com.google.code.findbugs/jsr305/2.0.1/516c03b21d50a644d538de0f0369c620989cd8f0/jsr305-2.0.1.jar
79c358023000-79c358025000 r--s 00009000 00:23 151515                     /home/przestrzelskicom/.gradle/caches/modules-2/files-2.1/org.objenesis/objenesis/2.1/87c0ea803b69252868d09308b4618f766f135a96/objenesis-2.1.jar
79c358025000-79c358027000 r--s 0001c000 00:23 151504                     /home/przestrzelskicom/.gradle/caches/modules-2/files-2.1/com.android.support.constraint/constraint-layout-solver/1.1.3/bde0667d7414c16ed62d3cfe993cff7f9d732373/constraint-layout-solver-1.1.3.jar
79c358029000-79c35802a000 r--s 00000000 00:23 151479                     /home/przestrzelskicom/.gradle/caches/modules-2/files-2.1/org.jetbrains.kotlin/kotlin-stdlib-jdk7/1.2.51/a37c0066df119c02f034bf17159089b588ccc41a/kotlin-stdlib-jdk7-1.2.51.jar
79c35802a000-79c35802b000 r--s 00002000 00:23 151591                     /home/przestrzelskicom/.gradle/caches/modules-2/files-2.1/android.arch.core/common/1.1.0/8007981f7d7540d89cd18471b8e5dcd2b4f99167/common-1.1.0.jar
79c35802b000-79c35802d000 r--s 00009000 00:23 151544                     /home/przestrzelskicom/.gradle/caches/modules-2/files-2.1/commons-cli/commons-cli/1.2/2bf96b7aa8b611c177d329452af1dc933e14501c/commons-cli-1.2.jar
79c35802d000-79c35803f000 r--s 00345000 00:23 50393                      /opt/android-studio/jre/jre/lib/resources.jar
79c35803f000-79c358044000 r--s 0009a000 00:23 50336                      /opt/android-studio/jre/jre/lib/jsse.jar
79c358044000-79c35804d000 r--s 00078000 00:23 137215                     /home/przestrzelskicom/.gradle/caches/modules-2/files-2.1/org.jetbrains.kotlinx/kotlinx-coroutines-core/0.20/5f3fa9b5b2dc9cfc0d9358d5b2cab154d590a564/kotlinx-coroutines-core-0.20.jar
79c35804d000-79c358050000 r--s 00011000 00:23 137091                     /home/przestrzelskicom/.gradle/caches/modules-2/files-2.1/org.jetbrains.kotlin/kotlin-scripting-common/1.2.51/7861b42b7e5625df4a230d868476d4cda331be77/kotlin-scripting-common-1.2.51.jar
79c358050000-79c35805a000 r--s 00116000 00:23 50421                      /opt/android-studio/jre/jre/lib/ext/localedata.jar
79c35805a000-79c358075000 r--s 00394000 00:23 50415                      /opt/android-studio/jre/jre/lib/ext/cldrdata.jar
79c358075000-79c3580aa000 r--s 00241000 00:23 137125                     /home/przestrzelskicom/.gradle/caches/modules-2/files-2.1/org.jetbrains.kotlin/kotlin-reflect/1.2.51/36b719a7b84452dd13eeec979d8c82bfb765c57d/kotlin-reflect-1.2.51.jar
79c3580aa000-79c3580ac000 r--s 00009000 00:23 137206                     /home/przestrzelskicom/.gradle/caches/modules-2/files-2.1/org.jetbrains.kotlin/kotlin-script-runtime/1.2.51/6f8ef6758f396b354e422c3e82d9cd14795fe0e2/kotlin-script-runtime-1.2.51.jar
79c3580ac000-79c3580bc000 r--s 000db000 00:23 137124                     /home/przestrzelskicom/.gradle/caches/modules-2/files-2.1/org.jetbrains.kotlin/kotlin-stdlib/1.2.51/fa8127e505bff50fec291d0dd619d1bda5c619e0/kotlin-stdlib-1.2.51.jar
79c3580bc000-79c358ca9000 rw-p 00000000 00:00 0 
79c358ca9000-79c358e79000 r--s 03c46000 00:23 50334                      /opt/android-studio/jre/jre/lib/rt.jar
79c358e79000-79c3599ef000 rw-p 00000000 00:00 0 
79c3599ef000-79c3599f0000 ---p 00000000 00:00 0 
79c3599f0000-79c359af0000 rw-p 00000000 00:00 0 
79c359af0000-79c359af1000 ---p 00000000 00:00 0 
79c359af1000-79c359bf1000 rw-p 00000000 00:00 0 
79c359bf1000-79c359bf2000 ---p 00000000 00:00 0 
79c359bf2000-79c359cf2000 rw-p 00000000 00:00 0 
79c359cf2000-79c359cf3000 ---p 00000000 00:00 0 
79c359cf3000-79c359e1e000 rw-p 00000000 00:00 0 
79c359e1e000-79c359ff3000 ---p 00000000 00:00 0 
79c359ff3000-79c35a01e000 rw-p 00000000 00:00 0 
79c35a01e000-79c35a1f3000 ---p 00000000 00:00 0 
79c35a1f3000-79c35a244000 rw-p 00000000 00:00 0 
79c35a244000-79c35a2f3000 ---p 00000000 00:00 0 
79c35a2f3000-79c35a36d000 rw-p 00000000 00:00 0 
79c35a36d000-79c35a6b4000 ---p 00000000 00:00 0 
79c35a6b4000-79c35a6ce000 r-xp 00000000 00:23 50345                      /opt/android-studio/jre/jre/lib/amd64/libzip.so
79c35a6ce000-79c35a8ce000 ---p 0001a000 00:23 50345                      /opt/android-studio/jre/jre/lib/amd64/libzip.so
79c35a8ce000-79c35a8cf000 r--p 0001a000 00:23 50345                      /opt/android-studio/jre/jre/lib/amd64/libzip.so
79c35a8cf000-79c35a8d0000 rw-p 0001b000 00:23 50345                      /opt/android-studio/jre/jre/lib/amd64/libzip.so
79c35a8d0000-79c35a8da000 r-xp 00000000 00:23 1894                       /lib/x86_64-linux-gnu/libnss_files-2.24.so
79c35a8da000-79c35aada000 ---p 0000a000 00:23 1894                       /lib/x86_64-linux-gnu/libnss_files-2.24.so
79c35aada000-79c35aadb000 r--p 0000a000 00:23 1894                       /lib/x86_64-linux-gnu/libnss_files-2.24.so
79c35aadb000-79c35aadc000 rw-p 0000b000 00:23 1894                       /lib/x86_64-linux-gnu/libnss_files-2.24.so
79c35aadc000-79c35aae2000 rw-p 00000000 00:00 0 
79c35aae2000-79c35aaed000 r-xp 00000000 00:23 1898                       /lib/x86_64-linux-gnu/libnss_nis-2.24.so
79c35aaed000-79c35acec000 ---p 0000b000 00:23 1898                       /lib/x86_64-linux-gnu/libnss_nis-2.24.so
79c35acec000-79c35aced000 r--p 0000a000 00:23 1898                       /lib/x86_64-linux-gnu/libnss_nis-2.24.so
79c35aced000-79c35acee000 rw-p 0000b000 00:23 1898                       /lib/x86_64-linux-gnu/libnss_nis-2.24.so
79c35acee000-79c35ad02000 r-xp 00000000 00:23 1888                       /lib/x86_64-linux-gnu/libnsl-2.24.so
79c35ad02000-79c35af02000 ---p 00014000 00:23 1888                       /lib/x86_64-linux-gnu/libnsl-2.24.so
79c35af02000-79c35af03000 r--p 00014000 00:23 1888                       /lib/x86_64-linux-gnu/libnsl-2.24.so
79c35af03000-79c35af04000 rw-p 00015000 00:23 1888                       /lib/x86_64-linux-gnu/libnsl-2.24.so
79c35af04000-79c35af06000 rw-p 00000000 00:00 0 
79c35af06000-79c35af0d000 r-xp 00000000 00:23 1890                       /lib/x86_64-linux-gnu/libnss_compat-2.24.so
79c35af0d000-79c35b10c000 ---p 00007000 00:23 1890                       /lib/x86_64-linux-gnu/libnss_compat-2.24.so
79c35b10c000-79c35b10d000 r--p 00006000 00:23 1890                       /lib/x86_64-linux-gnu/libnss_compat-2.24.so
79c35b10d000-79c35b10e000 rw-p 00007000 00:23 1890                       /lib/x86_64-linux-gnu/libnss_compat-2.24.so
79c35b10e000-79c35b13b000 r-xp 00000000 00:23 50342                      /opt/android-studio/jre/jre/lib/amd64/libjava.so
79c35b13b000-79c35b33a000 ---p 0002d000 00:23 50342                      /opt/android-studio/jre/jre/lib/amd64/libjava.so
79c35b33a000-79c35b33b000 r--p 0002c000 00:23 50342                      /opt/android-studio/jre/jre/lib/amd64/libjava.so
79c35b33b000-79c35b33d000 rw-p 0002d000 00:23 50342                      /opt/android-studio/jre/jre/lib/amd64/libjava.so
79c35b33d000-79c35b34d000 r-xp 00000000 00:23 50368                      /opt/android-studio/jre/jre/lib/amd64/libverify.so
79c35b34d000-79c35b54c000 ---p 00010000 00:23 50368                      /opt/android-studio/jre/jre/lib/amd64/libverify.so
79c35b54c000-79c35b54e000 r--p 0000f000 00:23 50368                      /opt/android-studio/jre/jre/lib/amd64/libverify.so
79c35b54e000-79c35b54f000 rw-p 00011000 00:23 50368                      /opt/android-studio/jre/jre/lib/amd64/libverify.so
79c35b54f000-79c35b556000 r-xp 00000000 00:23 1921                       /lib/x86_64-linux-gnu/librt-2.24.so
79c35b556000-79c35b755000 ---p 00007000 00:23 1921                       /lib/x86_64-linux-gnu/librt-2.24.so
79c35b755000-79c35b756000 r--p 00006000 00:23 1921                       /lib/x86_64-linux-gnu/librt-2.24.so
79c35b756000-79c35b757000 rw-p 00007000 00:23 1921                       /lib/x86_64-linux-gnu/librt-2.24.so
79c35b757000-79c35b85a000 r-xp 00000000 00:23 1875                       /lib/x86_64-linux-gnu/libm-2.24.so
79c35b85a000-79c35ba59000 ---p 00103000 00:23 1875                       /lib/x86_64-linux-gnu/libm-2.24.so
79c35ba59000-79c35ba5a000 r--p 00102000 00:23 1875                       /lib/x86_64-linux-gnu/libm-2.24.so
79c35ba5a000-79c35ba5b000 rw-p 00103000 00:23 1875                       /lib/x86_64-linux-gnu/libm-2.24.so
79c35ba5b000-79c35c657000 r-xp 00000000 00:23 50371                      /opt/android-studio/jre/jre/lib/amd64/server/libjvm.so
79c35c657000-79c35c857000 ---p 00bfc000 00:23 50371                      /opt/android-studio/jre/jre/lib/amd64/server/libjvm.so
79c35c857000-79c35c8f7000 r--p 00bfc000 00:23 50371                      /opt/android-studio/jre/jre/lib/amd64/server/libjvm.so
79c35c8f7000-79c35c920000 rw-p 00c9c000 00:23 50371                      /opt/android-studio/jre/jre/lib/amd64/server/libjvm.so
79c35c920000-79c35c964000 rw-p 00000000 00:00 0 
79c35c964000-79c35c97c000 r-xp 00000000 00:23 1915                       /lib/x86_64-linux-gnu/libpthread-2.24.so
79c35c97c000-79c35cb7b000 ---p 00018000 00:23 1915                       /lib/x86_64-linux-gnu/libpthread-2.24.so
79c35cb7b000-79c35cb7c000 r--p 00017000 00:23 1915                       /lib/x86_64-linux-gnu/libpthread-2.24.so
79c35cb7c000-79c35cb7d000 rw-p 00018000 00:23 1915                       /lib/x86_64-linux-gnu/libpthread-2.24.so
79c35cb7d000-79c35cb81000 rw-p 00000000 00:00 0 
79c35cb81000-79c35cb84000 r-xp 00000000 00:23 1844                       /lib/x86_64-linux-gnu/libdl-2.24.so
79c35cb84000-79c35cd83000 ---p 00003000 00:23 1844                       /lib/x86_64-linux-gnu/libdl-2.24.so
79c35cd83000-79c35cd84000 r--p 00002000 00:23 1844                       /lib/x86_64-linux-gnu/libdl-2.24.so
79c35cd84000-79c35cd85000 rw-p 00003000 00:23 1844                       /lib/x86_64-linux-gnu/libdl-2.24.so
79c35cd85000-79c35cf1a000 r-xp 00000000 00:23 1827                       /lib/x86_64-linux-gnu/libc-2.24.so
79c35cf1a000-79c35d11a000 ---p 00195000 00:23 1827                       /lib/x86_64-linux-gnu/libc-2.24.so
79c35d11a000-79c35d11e000 r--p 00195000 00:23 1827                       /lib/x86_64-linux-gnu/libc-2.24.so
79c35d11e000-79c35d120000 rw-p 00199000 00:23 1827                       /lib/x86_64-linux-gnu/libc-2.24.so
79c35d120000-79c35d124000 rw-p 00000000 00:00 0 
79c35d124000-79c35d13a000 r-xp 00000000 00:23 50377                      /opt/android-studio/jre/jre/lib/amd64/jli/libjli.so
79c35d13a000-79c35d339000 ---p 00016000 00:23 50377                      /opt/android-studio/jre/jre/lib/amd64/jli/libjli.so
79c35d339000-79c35d33a000 r--p 00015000 00:23 50377                      /opt/android-studio/jre/jre/lib/amd64/jli/libjli.so
79c35d33a000-79c35d33b000 rw-p 00016000 00:23 50377                      /opt/android-studio/jre/jre/lib/amd64/jli/libjli.so
79c35d33b000-79c35d35e000 r-xp 00000000 00:23 1803                       /lib/x86_64-linux-gnu/ld-2.24.so
79c35d35e000-79c35d44d000 rw-p 00000000 00:00 0 
79c35d44d000-79c35d450000 ---p 00000000 00:00 0 
79c35d450000-79c35d550000 rw-p 00000000 00:00 0 
79c35d550000-79c35d551000 r--s 00009000 00:23 137083                     /home/przestrzelskicom/.gradle/caches/modules-2/files-2.1/org.jetbrains.kotlin/kotlin-scripting-jvm/1.2.51/f80afc81cf004fb572f8a09353960490ab6630c6/kotlin-scripting-jvm-1.2.51.jar
79c35d551000-79c35d559000 rw-s 00000000 00:23 480668                     /tmp/hsperfdata_przestrzelskicom/822
79c35d559000-79c35d55a000 rw-p 00000000 00:00 0 
79c35d55a000-79c35d55b000 ---p 00000000 00:00 0 
79c35d55b000-79c35d55e000 rw-p 00000000 00:00 0 
79c35d55e000-79c35d55f000 r--p 00023000 00:23 1803                       /lib/x86_64-linux-gnu/ld-2.24.so
79c35d55f000-79c35d560000 rw-p 00024000 00:23 1803                       /lib/x86_64-linux-gnu/ld-2.24.so
79c35d560000-79c35d561000 rw-p 00000000 00:00 0 
7fff6c4e9000-7fff6c50a000 rw-p 00000000 00:00 0                          [stack]
7fff6c585000-7fff6c588000 r--p 00000000 00:00 0                          [vvar]
7fff6c588000-7fff6c58a000 r-xp 00000000 00:00 0                          [vdso]
ffffffffff600000-ffffffffff601000 r-xp 00000000 00:00 0                  [vsyscall]

VM Arguments:
jvm_args: -Djava.awt.headless=true -Djava.rmi.server.hostname=localhost -Xmx1536m -Dkotlin.environment.keepalive 
java_command: org.jetbrains.kotlin.daemon.KotlinCompileDaemon --daemon-runFilesPath /home/przestrzelskicom/.local/share/kotlin/daemon --daemon-autoshutdownIdleSeconds=7200 --daemon-compilerClasspath /home/przestrzelskicom/.gradle/caches/modules-2/files-2.1/org.jetbrains.kotlin/kotlin-compiler-embeddable/1.2.51/205147cc6c2dcbe7d9d71125fe315b14b8a14be4/kotlin-compiler-embeddable-1.2.51.jar:/home/przestrzelskicom/.gradle/caches/modules-2/files-2.1/org.jetbrains.kotlin/kotlin-stdlib/1.2.51/fa8127e505bff50fec291d0dd619d1bda5c619e0/kotlin-stdlib-1.2.51.jar:/home/przestrzelskicom/.gradle/caches/modules-2/files-2.1/org.jetbrains.kotlin/kotlin-script-runtime/1.2.51/6f8ef6758f396b354e422c3e82d9cd14795fe0e2/kotlin-script-runtime-1.2.51.jar:/home/przestrzelskicom/.gradle/caches/modules-2/files-2.1/org.jetbrains.kotlin/kotlin-reflect/1.2.51/36b719a7b84452dd13eeec979d8c82bfb765c57d/kotlin-reflect-1.2.51.jar:/home/przestrzelskicom/.gradle/caches/modules-2/files-2.1/org.jetbrains.kotlin/kotlin-scripting-common/1.2.51/7861b42b7e5625df4a230d868476d4cda331be77/kotlin-scripting-common-1.2.51.jar:/home/przestrzelskicom/.gradle/caches/modules-2/files-2.1/org.jetbrains.kotlin/kotlin-scripting-jvm/1.2.51/f80afc81cf004fb572f8a09353960490ab6630c6/kotlin-scripting-jvm-1.2.51.jar:/home/przestrzelskicom/.gradle/caches/modules-2/files-2.1/org.jetbrains.kotlinx/kotlinx-coroutines-core/0.20/5f3fa9b5b2dc9cfc0d9358d5b2cab154d590a564/kotlinx-coroutines-core-0.20.jar:/opt/android-studio/jre/lib/tools.jar
java_class_path (initial): /home/przestrzelskicom/.gradle/caches/modules-2/files-2.1/org.jetbrains.kotlin/kotlin-compiler-embeddable/1.2.51/205147cc6c2dcbe7d9d71125fe315b14b8a14be4/kotlin-compiler-embeddable-1.2.51.jar:/home/przestrzelskicom/.gradle/caches/modules-2/files-2.1/org.jetbrains.kotlin/kotlin-stdlib/1.2.51/fa8127e505bff50fec291d0dd619d1bda5c619e0/kotlin-stdlib-1.2.51.jar:/home/przestrzelskicom/.gradle/caches/modules-2/files-2.1/org.jetbrains.kotlin/kotlin-script-runtime/1.2.51/6f8ef6758f396b354e422c3e82d9cd14795fe0e2/kotlin-script-runtime-1.2.51.jar:/home/przestrzelskicom/.gradle/caches/modules-2/files-2.1/org.jetbrains.kotlin/kotlin-reflect/1.2.51/36b719a7b84452dd13eeec979d8c82bfb765c57d/kotlin-reflect-1.2.51.jar:/home/przestrzelskicom/.gradle/caches/modules-2/files-2.1/org.jetbrains.kotlin/kotlin-scripting-common/1.2.51/7861b42b7e5625df4a230d868476d4cda331be77/kotlin-scripting-common-1.2.51.jar:/home/przestrzelskicom/.gradle/caches/modules-2/files-2.1/org.jetbrains.kotlin/kotlin-scripting-jvm/1.2.51/f80afc81cf004fb572f8a09353960490ab6630c6/kotlin-scripting-jvm-1.2.51.jar:/home/przestrzelskicom/.gradle/caches/modules-2/files-2.1/org.jetbrains.kotlinx/kotlinx-coroutines-core/0.20/5f3fa9b5b2dc9cfc0d9358d5b2cab154d590a564/kotlinx-coroutines-core-0.20.jar:/opt/android-studio/jre/lib/tools.jar
Launcher Type: SUN_STANDARD

Environment Variables:
PATH=/usr/local/sbin:/usr/local/bin:/usr/local/games:/usr/sbin:/usr/bin:/usr/games:/sbin:/bin
SHELL=/bin/bash
DISPLAY=:0

Signal Handlers:
SIGSEGV: [libjvm.so+0x9edb30], sa_mask[0]=11111111011111111101111111111110, sa_flags=SA_RESTART|SA_SIGINFO
SIGBUS: [libjvm.so+0x9edb30], sa_mask[0]=11111111011111111101111111111110, sa_flags=SA_RESTART|SA_SIGINFO
SIGFPE: [libjvm.so+0x84e800], sa_mask[0]=11111111011111111101111111111110, sa_flags=SA_RESTART|SA_SIGINFO
SIGPIPE: [libjvm.so+0x84e800], sa_mask[0]=11111111011111111101111111111110, sa_flags=SA_RESTART|SA_SIGINFO
SIGXFSZ: [libjvm.so+0x84e800], sa_mask[0]=11111111011111111101111111111110, sa_flags=SA_RESTART|SA_SIGINFO
SIGILL: [libjvm.so+0x84e800], sa_mask[0]=11111111011111111101111111111110, sa_flags=SA_RESTART|SA_SIGINFO
SIGUSR1: SIG_DFL, sa_mask[0]=00000000000000000000000000000000, sa_flags=none
SIGUSR2: [libjvm.so+0x84e6d0], sa_mask[0]=00100000000000000000000000000000, sa_flags=SA_RESTART|SA_SIGINFO
SIGHUP: [libjvm.so+0x84e8c0], sa_mask[0]=11111111011111111101111111111110, sa_flags=SA_RESTART|SA_SIGINFO
SIGINT: [libjvm.so+0x84e8c0], sa_mask[0]=11111111011111111101111111111110, sa_flags=SA_RESTART|SA_SIGINFO
SIGTERM: [libjvm.so+0x84e8c0], sa_mask[0]=11111111011111111101111111111110, sa_flags=SA_RESTART|SA_SIGINFO
SIGQUIT: [libjvm.so+0x84e8c0], sa_mask[0]=11111111011111111101111111111110, sa_flags=SA_RESTART|SA_SIGINFO


---------------  S Y S T E M  ---------------

OS:PRETTY_NAME="Debian GNU/Linux 9 (stretch)"
NAME="Debian GNU/Linux"
VERSION_ID="9"
VERSION="9 (stretch)"
ID=debian
HOME_URL="https://www.debian.org/"
SUPPORT_URL="https://www.debian.org/support"
BUG_REPORT_URL="https://bugs.debian.org/"

uname:Linux 4.14.67-07156-gc116f2c8c400 #1 SMP PREEMPT Sun Sep 9 14:28:13 PDT 2018 x86_64
libc:glibc 2.24 NPTL 2.24 
rlimit: STACK 8192k, CORE 0k, NPROC 19812, NOFILE 1048576, AS infinity
load average:1.04 1.04 0.80

/proc/meminfo:
MemTotal:        5074920 kB
MemFree:          194720 kB
MemAvailable:          0 kB
Buffers:             116 kB
Cached:            80200 kB
SwapCached:            0 kB
Active:          4706832 kB
Inactive:          75176 kB
Active(anon):    4702076 kB
Inactive(anon):    60068 kB
Active(file):       4756 kB
Inactive(file):    15108 kB
Unevictable:          32 kB
Mlocked:              32 kB
SwapTotal:             0 kB
SwapFree:              0 kB
Dirty:              1700 kB
Writeback:             0 kB
AnonPages:       4702060 kB
Mapped:            58104 kB
Shmem:             60124 kB
Slab:              55248 kB
SReclaimable:      26968 kB
SUnreclaim:        28280 kB
KernelStack:        6208 kB
PageTables:        19424 kB
NFS_Unstable:          0 kB
Bounce:                0 kB
WritebackTmp:          0 kB
CommitLimit:     2537460 kB
Committed_AS:    5390680 kB
VmallocTotal:   34359738367 kB
VmallocUsed:           0 kB
VmallocChunk:          0 kB
AnonHugePages:         0 kB
ShmemHugePages:        0 kB
ShmemPmdMapped:        0 kB
DirectMap4k:      112640 kB
DirectMap2M:     5142528 kB
DirectMap1G:           0 kB


CPU:total 4 (initial active 4) (2 cores per cpu, 2 threads per core) family 6 model 142 stepping 9, cmov, cx8, fxsr, mmx, sse, sse2, sse3, ssse3, sse4.1, sse4.2, popcnt, avx, avx2, aes, clmul, erms, rtm, 3dnowpref, lzcnt, ht, tsc, tscinvbit, bmi1, bmi2, adx

/proc/cpuinfo:
processor	: 0
vendor_id	: GenuineIntel
cpu family	: 6
model		: 142
model name	: 06/8e
stepping	: 9
microcode	: 0x1
cpu MHz		: 1607.914
cache size	: 4096 KB
physical id	: 0
siblings	: 4
core id		: 0
cpu cores	: 1
apicid		: 1
initial apicid	: 1
fpu		: yes
fpu_exception	: yes
cpuid level	: 13
wp		: yes
flags		: fpu vme de pse tsc msr pae mce cx8 apic sep mtrr pge mca cmov pat pse36 clflush mmx fxsr sse sse2 ss ht syscall nx pdpe1gb rdtscp lm constant_tsc arch_perfmon rep_good nopl xtopology nonstop_tsc cpuid tsc_known_freq pni pclmulqdq ssse3 fma cx16 pcid sse4_1 sse4_2 x2apic movbe popcnt aes xsave avx f16c rdrand hypervisor lahf_lm abm 3dnowprefetch invpcid_single pti fsgsbase tsc_adjust bmi1 hle avx2 smep bmi2 erms invpcid rtm mpx rdseed adx smap clflushopt xsaveopt xsavec xgetbv1 arat
bugs		: cpu_meltdown spectre_v1 spectre_v2 spec_store_bypass l1tf
bogomips	: 3215.49
clflush size	: 64
cache_alignment	: 64
address sizes	: 39 bits physical, 48 bits virtual
power management:

processor	: 1
vendor_id	: GenuineIntel
cpu family	: 6
model		: 142
model name	: 06/8e
stepping	: 9
microcode	: 0x1
cpu MHz		: 1607.914
cache size	: 4096 KB
physical id	: 0
siblings	: 4
core id		: 0
cpu cores	: 1
apicid		: 1
initial apicid	: 1
fpu		: yes
fpu_exception	: yes
cpuid level	: 13
wp		: yes
flags		: fpu vme de pse tsc msr pae mce cx8 apic sep mtrr pge mca cmov pat pse36 clflush mmx fxsr sse sse2 ss ht syscall nx pdpe1gb rdtscp lm constant_tsc arch_perfmon rep_good nopl xtopology nonstop_tsc cpuid tsc_known_freq pni pclmulqdq ssse3 fma cx16 pcid sse4_1 sse4_2 x2apic movbe popcnt aes xsave avx f16c rdrand hypervisor lahf_lm abm 3dnowprefetch invpcid_single pti fsgsbase tsc_adjust bmi1 hle avx2 smep bmi2 erms invpcid rtm mpx rdseed adx smap clflushopt xsaveopt xsavec xgetbv1 arat
bugs		: cpu_meltdown spectre_v1 spectre_v2 spec_store_bypass l1tf
bogomips	: 3215.49
clflush size	: 64
cache_alignment	: 64
address sizes	: 39 bits physical, 48 bits virtual
power management:

processor	: 2
vendor_id	: GenuineIntel
cpu family	: 6
model		: 142
model name	: 06/8e
stepping	: 9
microcode	: 0x1
cpu MHz		: 1607.914
cache size	: 4096 KB
physical id	: 0
siblings	: 4
core id		: 0
cpu cores	: 1
apicid		: 1
initial apicid	: 1
fpu		: yes
fpu_exception	: yes
cpuid level	: 13
wp		: yes
flags		: fpu vme de pse tsc msr pae mce cx8 apic sep mtrr pge mca cmov pat pse36 clflush mmx fxsr sse sse2 ss ht syscall nx pdpe1gb rdtscp lm constant_tsc arch_perfmon rep_good nopl xtopology nonstop_tsc cpuid tsc_known_freq pni pclmulqdq ssse3 fma cx16 pcid sse4_1 sse4_2 x2apic movbe popcnt aes xsave avx f16c rdrand hypervisor lahf_lm abm 3dnowprefetch invpcid_single pti fsgsbase tsc_adjust bmi1 hle avx2 smep bmi2 erms invpcid rtm mpx rdseed adx smap clflushopt xsaveopt xsavec xgetbv1 arat
bugs		: cpu_meltdown spectre_v1 spectre_v2 spec_store_bypass l1tf
bogomips	: 3215.49
clflush size	: 64
cache_alignment	: 64
address sizes	: 39 bits physical, 48 bits virtual
power management:

processor	: 3
vendor_id	: GenuineIntel
cpu family	: 6
model		: 142
model name	: 06/8e
stepping	: 9
microcode	: 0x1
cpu MHz		: 1607.914
cache size	: 4096 KB
physical id	: 0
siblings	: 4
core id		: 0
cpu cores	: 1
apicid		: 1
initial apicid	: 1
fpu		: yes
fpu_exception	: yes
cpuid level	: 13
wp		: yes
flags		: fpu vme de pse tsc msr pae mce cx8 apic sep mtrr pge mca cmov pat pse36 clflush mmx fxsr sse sse2 ss ht syscall nx pdpe1gb rdtscp lm constant_tsc arch_perfmon rep_good nopl xtopology nonstop_tsc cpuid tsc_known_freq pni pclmulqdq ssse3 fma cx16 pcid sse4_1 sse4_2 x2apic movbe popcnt aes xsave avx f16c rdrand hypervisor lahf_lm abm 3dnowprefetch invpcid_single pti fsgsbase tsc_adjust bmi1 hle avx2 smep bmi2 erms invpcid rtm mpx rdseed adx smap clflushopt xsaveopt xsavec xgetbv1 arat
bugs		: cpu_meltdown spectre_v1 spectre_v2 spec_store_bypass l1tf
bogomips	: 3215.49
clflush size	: 64
cache_alignment	: 64
address sizes	: 39 bits physical, 48 bits virtual
power management:



Memory: 4k page, physical 5074920k(194720k free), swap 0k(0k free)

vm_info: OpenJDK 64-Bit Server VM (25.152-b01) for linux-amd64 JRE (1.8.0_152-release-1024-b01), built by "builder" with gcc 4.8.4

time: Fri Sep 21 18:49:44 2018
elapsed time: 11769 seconds (0d 3h 16m 9s)

