#
# There is insufficient memory for the Java Runtime Environment to continue.
# Native memory allocation (mmap) failed to map 45088768 bytes for committing reserved memory.
# Possible reasons:
#   The system is out of physical RAM or swap space
#   In 32 bit mode, the process size limit was hit
# Possible solutions:
#   Reduce memory load on the system
#   Increase physical memory or swap space
#   Check if swap backing store is full
#   Use 64 bit Java on a 64 bit OS
#   Decrease Java heap size (-Xmx/-Xms)
#   Decrease number of Java threads
#   Decrease Java thread stack sizes (-Xss)
#   Set larger code cache with -XX:ReservedCodeCacheSize=
# This output file may be truncated or incomplete.
#
#  Out of Memory Error (os_linux.cpp:2640), pid=8387, tid=0x00007f0c7e465700
#
# JRE version:  (8.0_152-b01) (build )
# Java VM: OpenJDK 64-Bit Server VM (25.152-b01 mixed mode linux-amd64 compressed oops)
# Failed to write core dump. Core dumps have been disabled. To enable core dumping, try "ulimit -c unlimited" before starting Java again
#

---------------  T H R E A D  ---------------

Current thread (0x00007f0c78011800):  JavaThread "Unknown thread" [_thread_in_vm, id=8400, stack(0x00007f0c7e365000,0x00007f0c7e466000)]

Stack: [0x00007f0c7e365000,0x00007f0c7e466000],  sp=0x00007f0c7e464620,  free space=1021k
Native frames: (J=compiled Java code, j=interpreted, Vv=VM code, C=native code)
V  [libjvm.so+0x9ed02d]  VMError::report_and_die()+0x15d
V  [libjvm.so+0x4b99fa]  report_vm_out_of_memory(char const*, int, unsigned long, VMErrorType, char const*)+0x8a
V  [libjvm.so+0x852c20]  os::pd_commit_memory(char*, unsigned long, unsigned long, bool)+0xf0
V  [libjvm.so+0x84d72f]  os::commit_memory(char*, unsigned long, unsigned long, bool)+0x1f
V  [libjvm.so+0x8c448b]  PSVirtualSpace::expand_by(unsigned long)+0x5b
V  [libjvm.so+0x8b6408]  PSOldGen::initialize(ReservedSpace, unsigned long, char const*, int)+0xa8
V  [libjvm.so+0x2c4b13]  AdjoiningGenerations::AdjoiningGenerations(ReservedSpace, GenerationSizer*, unsigned long)+0x353
V  [libjvm.so+0x876d61]  ParallelScavengeHeap::initialize()+0x211
V  [libjvm.so+0x9b8539]  Universe::initialize_heap()+0x189
V  [libjvm.so+0x9b8733]  universe_init()+0x33
V  [libjvm.so+0x5e1dd5]  init_globals()+0x55
V  [libjvm.so+0x99bb53]  Threads::create_vm(JavaVMInitArgs*, bool*)+0x2b3
V  [libjvm.so+0x64fd72]  JNI_CreateJavaVM+0x52
C  [libjli.so+0x77c8]  JavaMain+0x88
C  [libpthread.so.0+0x7494]  start_thread+0xc4


---------------  P R O C E S S  ---------------

Java Threads: ( => current thread )

Other Threads:

=>0x00007f0c78011800 (exited) JavaThread "Unknown thread" [_thread_in_vm, id=8400, stack(0x00007f0c7e365000,0x00007f0c7e466000)]

VM state:not at safepoint (not fully initialized)

VM Mutex/Monitor currently owned by a thread: None

GC Heap History (0 events):
No events

Deoptimization events (0 events):
No events

Classes redefined (0 events):
No events

Internal exceptions (0 events):
No events

Events (0 events):
No events


Dynamic libraries:
00400000-00401000 r-xp 00000000 00:23 50263                              /opt/android-studio/jre/bin/java
00600000-00601000 r--p 00000000 00:23 50263                              /opt/android-studio/jre/bin/java
00601000-00602000 rw-p 00001000 00:23 50263                              /opt/android-studio/jre/bin/java
00798000-007b9000 rw-p 00000000 00:00 0                                  [heap]
feb00000-100000000 rw-p 00000000 00:00 0 
7f0c67f6e000-7f0c681f0000 rw-p 00000000 00:00 0 
7f0c681f0000-7f0c685a6000 ---p 00000000 00:00 0 
7f0c685a6000-7f0c68816000 rwxp 00000000 00:00 0 
7f0c68816000-7f0c775a6000 ---p 00000000 00:00 0 
7f0c775a6000-7f0c775c0000 r-xp 00000000 00:23 50345                      /opt/android-studio/jre/jre/lib/amd64/libzip.so
7f0c775c0000-7f0c777c0000 ---p 0001a000 00:23 50345                      /opt/android-studio/jre/jre/lib/amd64/libzip.so
7f0c777c0000-7f0c777c1000 r--p 0001a000 00:23 50345                      /opt/android-studio/jre/jre/lib/amd64/libzip.so
7f0c777c1000-7f0c777c2000 rw-p 0001b000 00:23 50345                      /opt/android-studio/jre/jre/lib/amd64/libzip.so
7f0c777c2000-7f0c777cc000 r-xp 00000000 00:23 1894                       /lib/x86_64-linux-gnu/libnss_files-2.24.so
7f0c777cc000-7f0c779cc000 ---p 0000a000 00:23 1894                       /lib/x86_64-linux-gnu/libnss_files-2.24.so
7f0c779cc000-7f0c779cd000 r--p 0000a000 00:23 1894                       /lib/x86_64-linux-gnu/libnss_files-2.24.so
7f0c779cd000-7f0c779ce000 rw-p 0000b000 00:23 1894                       /lib/x86_64-linux-gnu/libnss_files-2.24.so
7f0c779ce000-7f0c779d4000 rw-p 00000000 00:00 0 
7f0c779d4000-7f0c779df000 r-xp 00000000 00:23 1898                       /lib/x86_64-linux-gnu/libnss_nis-2.24.so
7f0c779df000-7f0c77bde000 ---p 0000b000 00:23 1898                       /lib/x86_64-linux-gnu/libnss_nis-2.24.so
7f0c77bde000-7f0c77bdf000 r--p 0000a000 00:23 1898                       /lib/x86_64-linux-gnu/libnss_nis-2.24.so
7f0c77bdf000-7f0c77be0000 rw-p 0000b000 00:23 1898                       /lib/x86_64-linux-gnu/libnss_nis-2.24.so
7f0c77be0000-7f0c77bf4000 r-xp 00000000 00:23 1888                       /lib/x86_64-linux-gnu/libnsl-2.24.so
7f0c77bf4000-7f0c77df4000 ---p 00014000 00:23 1888                       /lib/x86_64-linux-gnu/libnsl-2.24.so
7f0c77df4000-7f0c77df5000 r--p 00014000 00:23 1888                       /lib/x86_64-linux-gnu/libnsl-2.24.so
7f0c77df5000-7f0c77df6000 rw-p 00015000 00:23 1888                       /lib/x86_64-linux-gnu/libnsl-2.24.so
7f0c77df6000-7f0c77df8000 rw-p 00000000 00:00 0 
7f0c77df8000-7f0c77dff000 r-xp 00000000 00:23 1890                       /lib/x86_64-linux-gnu/libnss_compat-2.24.so
7f0c77dff000-7f0c77ffe000 ---p 00007000 00:23 1890                       /lib/x86_64-linux-gnu/libnss_compat-2.24.so
7f0c77ffe000-7f0c77fff000 r--p 00006000 00:23 1890                       /lib/x86_64-linux-gnu/libnss_compat-2.24.so
7f0c77fff000-7f0c78000000 rw-p 00007000 00:23 1890                       /lib/x86_64-linux-gnu/libnss_compat-2.24.so
7f0c78000000-7f0c7803c000 rw-p 00000000 00:00 0 
7f0c7803c000-7f0c7c000000 ---p 00000000 00:00 0 
7f0c7c026000-7f0c7c053000 r-xp 00000000 00:23 50342                      /opt/android-studio/jre/jre/lib/amd64/libjava.so
7f0c7c053000-7f0c7c252000 ---p 0002d000 00:23 50342                      /opt/android-studio/jre/jre/lib/amd64/libjava.so
7f0c7c252000-7f0c7c253000 r--p 0002c000 00:23 50342                      /opt/android-studio/jre/jre/lib/amd64/libjava.so
7f0c7c253000-7f0c7c255000 rw-p 0002d000 00:23 50342                      /opt/android-studio/jre/jre/lib/amd64/libjava.so
7f0c7c255000-7f0c7c265000 r-xp 00000000 00:23 50368                      /opt/android-studio/jre/jre/lib/amd64/libverify.so
7f0c7c265000-7f0c7c464000 ---p 00010000 00:23 50368                      /opt/android-studio/jre/jre/lib/amd64/libverify.so
7f0c7c464000-7f0c7c466000 r--p 0000f000 00:23 50368                      /opt/android-studio/jre/jre/lib/amd64/libverify.so
7f0c7c466000-7f0c7c467000 rw-p 00011000 00:23 50368                      /opt/android-studio/jre/jre/lib/amd64/libverify.so
7f0c7c467000-7f0c7c46e000 r-xp 00000000 00:23 1921                       /lib/x86_64-linux-gnu/librt-2.24.so
7f0c7c46e000-7f0c7c66d000 ---p 00007000 00:23 1921                       /lib/x86_64-linux-gnu/librt-2.24.so
7f0c7c66d000-7f0c7c66e000 r--p 00006000 00:23 1921                       /lib/x86_64-linux-gnu/librt-2.24.so
7f0c7c66e000-7f0c7c66f000 rw-p 00007000 00:23 1921                       /lib/x86_64-linux-gnu/librt-2.24.so
7f0c7c66f000-7f0c7c772000 r-xp 00000000 00:23 1875                       /lib/x86_64-linux-gnu/libm-2.24.so
7f0c7c772000-7f0c7c971000 ---p 00103000 00:23 1875                       /lib/x86_64-linux-gnu/libm-2.24.so
7f0c7c971000-7f0c7c972000 r--p 00102000 00:23 1875                       /lib/x86_64-linux-gnu/libm-2.24.so
7f0c7c972000-7f0c7c973000 rw-p 00103000 00:23 1875                       /lib/x86_64-linux-gnu/libm-2.24.so
7f0c7c973000-7f0c7d56f000 r-xp 00000000 00:23 50371                      /opt/android-studio/jre/jre/lib/amd64/server/libjvm.so
7f0c7d56f000-7f0c7d76f000 ---p 00bfc000 00:23 50371                      /opt/android-studio/jre/jre/lib/amd64/server/libjvm.so
7f0c7d76f000-7f0c7d80f000 r--p 00bfc000 00:23 50371                      /opt/android-studio/jre/jre/lib/amd64/server/libjvm.so
7f0c7d80f000-7f0c7d838000 rw-p 00c9c000 00:23 50371                      /opt/android-studio/jre/jre/lib/amd64/server/libjvm.so
7f0c7d838000-7f0c7d87c000 rw-p 00000000 00:00 0 
7f0c7d87c000-7f0c7d894000 r-xp 00000000 00:23 1915                       /lib/x86_64-linux-gnu/libpthread-2.24.so
7f0c7d894000-7f0c7da93000 ---p 00018000 00:23 1915                       /lib/x86_64-linux-gnu/libpthread-2.24.so
7f0c7da93000-7f0c7da94000 r--p 00017000 00:23 1915                       /lib/x86_64-linux-gnu/libpthread-2.24.so
7f0c7da94000-7f0c7da95000 rw-p 00018000 00:23 1915                       /lib/x86_64-linux-gnu/libpthread-2.24.so
7f0c7da95000-7f0c7da99000 rw-p 00000000 00:00 0 
7f0c7da99000-7f0c7da9c000 r-xp 00000000 00:23 1844                       /lib/x86_64-linux-gnu/libdl-2.24.so
7f0c7da9c000-7f0c7dc9b000 ---p 00003000 00:23 1844                       /lib/x86_64-linux-gnu/libdl-2.24.so
7f0c7dc9b000-7f0c7dc9c000 r--p 00002000 00:23 1844                       /lib/x86_64-linux-gnu/libdl-2.24.so
7f0c7dc9c000-7f0c7dc9d000 rw-p 00003000 00:23 1844                       /lib/x86_64-linux-gnu/libdl-2.24.so
7f0c7dc9d000-7f0c7de32000 r-xp 00000000 00:23 1827                       /lib/x86_64-linux-gnu/libc-2.24.so
7f0c7de32000-7f0c7e032000 ---p 00195000 00:23 1827                       /lib/x86_64-linux-gnu/libc-2.24.so
7f0c7e032000-7f0c7e036000 r--p 00195000 00:23 1827                       /lib/x86_64-linux-gnu/libc-2.24.so
7f0c7e036000-7f0c7e038000 rw-p 00199000 00:23 1827                       /lib/x86_64-linux-gnu/libc-2.24.so
7f0c7e038000-7f0c7e03c000 rw-p 00000000 00:00 0 
7f0c7e03c000-7f0c7e052000 r-xp 00000000 00:23 50296                      /opt/android-studio/jre/lib/amd64/jli/libjli.so
7f0c7e052000-7f0c7e251000 ---p 00016000 00:23 50296                      /opt/android-studio/jre/lib/amd64/jli/libjli.so
7f0c7e251000-7f0c7e252000 r--p 00015000 00:23 50296                      /opt/android-studio/jre/lib/amd64/jli/libjli.so
7f0c7e252000-7f0c7e253000 rw-p 00016000 00:23 50296                      /opt/android-studio/jre/lib/amd64/jli/libjli.so
7f0c7e253000-7f0c7e276000 r-xp 00000000 00:23 1803                       /lib/x86_64-linux-gnu/ld-2.24.so
7f0c7e344000-7f0c7e359000 ---p 00000000 00:00 0 
7f0c7e359000-7f0c7e365000 rw-p 00000000 00:00 0 
7f0c7e365000-7f0c7e368000 ---p 00000000 00:00 0 
7f0c7e368000-7f0c7e468000 rw-p 00000000 00:00 0 
7f0c7e469000-7f0c7e471000 rw-s 00000000 00:23 578564                     /tmp/hsperfdata_przestrzelskicom/8387
7f0c7e471000-7f0c7e472000 rw-p 00000000 00:00 0 
7f0c7e472000-7f0c7e473000 r--p 00000000 00:00 0 
7f0c7e473000-7f0c7e476000 rw-p 00000000 00:00 0 
7f0c7e476000-7f0c7e477000 r--p 00023000 00:23 1803                       /lib/x86_64-linux-gnu/ld-2.24.so
7f0c7e477000-7f0c7e478000 rw-p 00024000 00:23 1803                       /lib/x86_64-linux-gnu/ld-2.24.so
7f0c7e478000-7f0c7e479000 rw-p 00000000 00:00 0 
7ffd836b6000-7ffd836da000 rw-p 00000000 00:00 0                          [stack]
7ffd83763000-7ffd83766000 r--p 00000000 00:00 0                          [vvar]
7ffd83766000-7ffd83768000 r-xp 00000000 00:00 0                          [vdso]
ffffffffff600000-ffffffffff601000 r-xp 00000000 00:00 0                  [vsyscall]

VM Arguments:
jvm_args: -Djava.awt.headless=true -Xmx64M -Dfile.encoding=UTF-8 -Duser.country=US -Duser.language=en -Duser.variant 
java_command: com.google.devtools.build.android.desugar.Desugar --input /home/przestrzelskicom/android_projects/K-Manager/app/build/intermediates/transforms/stackFramesFixer/debug/45.jar --output /home/przestrzelskicom/android_projects/K-Manager/app/build/intermediates/transforms/desugar/debug/47.jar --input /home/przestrzelskicom/android_projects/K-Manager/app/build/intermediates/transforms/stackFramesFixer/debug/26.jar --output /home/przestrzelskicom/android_projects/K-Manager/app/build/intermediates/transforms/desugar/debug/28.jar --input /home/przestrzelskicom/android_projects/K-Manager/app/build/intermediates/transforms/stackFramesFixer/debug/9.jar --output /home/przestrzelskicom/android_projects/K-Manager/app/build/intermediates/transforms/desugar/debug/11.jar --input /home/przestrzelskicom/android_projects/K-Manager/app/build/intermediates/transforms/stackFramesFixer/debug/40.jar --output /home/przestrzelskicom/android_projects/K-Manager/app/build/intermediates/transforms/desugar/debug/42.jar --input /home/przestrzelskicom/android_projects/K-Manager/app/build/intermediates/transforms/stackFramesFixer/debug/30.jar --output /home/przestrzelskicom/android_projects/K-Manager/app/build/intermediates/transforms/desugar/debug/32.jar --input /home/przestrzelskicom/android_projects/K-Manager/app/build/intermediates/transforms/stackFramesFixer/debug/36.jar --output /home/przestrzelskicom/android_projects/K-Manager/app/build/intermediates/transforms/desugar/debug/38.jar --input /home/przestrzelskicom/android_projects/K-Manager/app/build/intermediates/transforms/stackFramesFixer/debug/23.jar --output /home/przestrzelskicom/android_projects/K-Manager/app/build/intermediates/transforms/desugar/debug/25.jar --input /home/przestrzelskicom/android_projects/K-Manager/app/build/intermediates/transforms/stackFramesFixer/debug/2.jar --output /home/przestrzelskicom/android_projects/K-Manager/app/build/intermediates/transforms/desugar/debug/4.jar --input /home/przestrzelskicom/an
java_class_path (initial): /tmp/desugar_deploy.jar3146908543944717522
Launcher Type: SUN_STANDARD

Environment Variables:
PATH=/usr/local/sbin:/usr/local/bin:/usr/local/games:/usr/sbin:/usr/bin:/usr/games:/sbin:/bin
SHELL=/bin/bash
DISPLAY=:0

Signal Handlers:
SIGSEGV: [libjvm.so+0x9edb30], sa_mask[0]=11111111011111111101111111111110, sa_flags=SA_RESTART|SA_SIGINFO
SIGBUS: [libjvm.so+0x9edb30], sa_mask[0]=11111111011111111101111111111110, sa_flags=SA_RESTART|SA_SIGINFO
SIGFPE: [libjvm.so+0x84e800], sa_mask[0]=11111111011111111101111111111110, sa_flags=SA_RESTART|SA_SIGINFO
SIGPIPE: [libjvm.so+0x84e800], sa_mask[0]=11111111011111111101111111111110, sa_flags=SA_RESTART|SA_SIGINFO
SIGXFSZ: [libjvm.so+0x84e800], sa_mask[0]=11111111011111111101111111111110, sa_flags=SA_RESTART|SA_SIGINFO
SIGILL: [libjvm.so+0x84e800], sa_mask[0]=11111111011111111101111111111110, sa_flags=SA_RESTART|SA_SIGINFO
SIGUSR1: SIG_DFL, sa_mask[0]=00000000000000000000000000000000, sa_flags=none
SIGUSR2: [libjvm.so+0x84e6d0], sa_mask[0]=00100000000000000000000000000000, sa_flags=SA_RESTART|SA_SIGINFO
SIGHUP: SIG_DFL, sa_mask[0]=00000000000000000000000000000000, sa_flags=none
SIGINT: SIG_DFL, sa_mask[0]=00000000000000000000000000000000, sa_flags=none
SIGTERM: SIG_DFL, sa_mask[0]=00000000000000000000000000000000, sa_flags=none
SIGQUIT: SIG_DFL, sa_mask[0]=00000000000000000000000000000000, sa_flags=none


---------------  S Y S T E M  ---------------

OS:PRETTY_NAME="Debian GNU/Linux 9 (stretch)"
NAME="Debian GNU/Linux"
VERSION_ID="9"
VERSION="9 (stretch)"
ID=debian
HOME_URL="https://www.debian.org/"
SUPPORT_URL="https://www.debian.org/support"
BUG_REPORT_URL="https://bugs.debian.org/"

uname:Linux 4.14.67-07156-gc116f2c8c400 #1 SMP PREEMPT Sun Sep 9 14:28:13 PDT 2018 x86_64
libc:glibc 2.24 NPTL 2.24 
rlimit: STACK 8192k, CORE 0k, NPROC 19812, NOFILE 1048576, AS infinity
load average:0.59 1.55 1.34

/proc/meminfo:
MemTotal:        5074920 kB
MemFree:          205084 kB
MemAvailable:       5484 kB
Buffers:              96 kB
Cached:            88560 kB
SwapCached:            0 kB
Active:          4706356 kB
Inactive:          73532 kB
Active(anon):    4691304 kB
Inactive(anon):    60068 kB
Active(file):      15052 kB
Inactive(file):    13464 kB
Unevictable:          32 kB
Mlocked:              32 kB
SwapTotal:             0 kB
SwapFree:              0 kB
Dirty:              1452 kB
Writeback:             0 kB
AnonPages:       4691328 kB
Mapped:            68316 kB
Shmem:             60124 kB
Slab:              45676 kB
SReclaimable:      19996 kB
SUnreclaim:        25680 kB
KernelStack:        6384 kB
PageTables:        19656 kB
NFS_Unstable:          0 kB
Bounce:                0 kB
WritebackTmp:          0 kB
CommitLimit:     2537460 kB
Committed_AS:    5782096 kB
VmallocTotal:   34359738367 kB
VmallocUsed:           0 kB
VmallocChunk:          0 kB
AnonHugePages:         0 kB
ShmemHugePages:        0 kB
ShmemPmdMapped:        0 kB
DirectMap4k:      147456 kB
DirectMap2M:     5107712 kB
DirectMap1G:           0 kB


CPU:total 4 (initial active 4) (2 cores per cpu, 2 threads per core) family 6 model 142 stepping 9, cmov, cx8, fxsr, mmx, sse, sse2, sse3, ssse3, sse4.1, sse4.2, popcnt, avx, avx2, aes, clmul, erms, rtm, 3dnowpref, lzcnt, ht, tsc, tscinvbit, bmi1, bmi2, adx

/proc/cpuinfo:
processor	: 0
vendor_id	: GenuineIntel
cpu family	: 6
model		: 142
model name	: 06/8e
stepping	: 9
microcode	: 0x1
cpu MHz		: 1607.914
cache size	: 4096 KB
physical id	: 0
siblings	: 4
core id		: 0
cpu cores	: 1
apicid		: 1
initial apicid	: 1
fpu		: yes
fpu_exception	: yes
cpuid level	: 13
wp		: yes
flags		: fpu vme de pse tsc msr pae mce cx8 apic sep mtrr pge mca cmov pat pse36 clflush mmx fxsr sse sse2 ss ht syscall nx pdpe1gb rdtscp lm constant_tsc arch_perfmon rep_good nopl xtopology nonstop_tsc cpuid tsc_known_freq pni pclmulqdq ssse3 fma cx16 pcid sse4_1 sse4_2 x2apic movbe popcnt aes xsave avx f16c rdrand hypervisor lahf_lm abm 3dnowprefetch invpcid_single pti fsgsbase tsc_adjust bmi1 hle avx2 smep bmi2 erms invpcid rtm mpx rdseed adx smap clflushopt xsaveopt xsavec xgetbv1 arat
bugs		: cpu_meltdown spectre_v1 spectre_v2 spec_store_bypass l1tf
bogomips	: 3215.49
clflush size	: 64
cache_alignment	: 64
address sizes	: 39 bits physical, 48 bits virtual
power management:

processor	: 1
vendor_id	: GenuineIntel
cpu family	: 6
model		: 142
model name	: 06/8e
stepping	: 9
microcode	: 0x1
cpu MHz		: 1607.914
cache size	: 4096 KB
physical id	: 0
siblings	: 4
core id		: 0
cpu cores	: 1
apicid		: 1
initial apicid	: 1
fpu		: yes
fpu_exception	: yes
cpuid level	: 13
wp		: yes
flags		: fpu vme de pse tsc msr pae mce cx8 apic sep mtrr pge mca cmov pat pse36 clflush mmx fxsr sse sse2 ss ht syscall nx pdpe1gb rdtscp lm constant_tsc arch_perfmon rep_good nopl xtopology nonstop_tsc cpuid tsc_known_freq pni pclmulqdq ssse3 fma cx16 pcid sse4_1 sse4_2 x2apic movbe popcnt aes xsave avx f16c rdrand hypervisor lahf_lm abm 3dnowprefetch invpcid_single pti fsgsbase tsc_adjust bmi1 hle avx2 smep bmi2 erms invpcid rtm mpx rdseed adx smap clflushopt xsaveopt xsavec xgetbv1 arat
bugs		: cpu_meltdown spectre_v1 spectre_v2 spec_store_bypass l1tf
bogomips	: 3215.49
clflush size	: 64
cache_alignment	: 64
address sizes	: 39 bits physical, 48 bits virtual
power management:

processor	: 2
vendor_id	: GenuineIntel
cpu family	: 6
model		: 142
model name	: 06/8e
stepping	: 9
microcode	: 0x1
cpu MHz		: 1607.914
cache size	: 4096 KB
physical id	: 0
siblings	: 4
core id		: 0
cpu cores	: 1
apicid		: 1
initial apicid	: 1
fpu		: yes
fpu_exception	: yes
cpuid level	: 13
wp		: yes
flags		: fpu vme de pse tsc msr pae mce cx8 apic sep mtrr pge mca cmov pat pse36 clflush mmx fxsr sse sse2 ss ht syscall nx pdpe1gb rdtscp lm constant_tsc arch_perfmon rep_good nopl xtopology nonstop_tsc cpuid tsc_known_freq pni pclmulqdq ssse3 fma cx16 pcid sse4_1 sse4_2 x2apic movbe popcnt aes xsave avx f16c rdrand hypervisor lahf_lm abm 3dnowprefetch invpcid_single pti fsgsbase tsc_adjust bmi1 hle avx2 smep bmi2 erms invpcid rtm mpx rdseed adx smap clflushopt xsaveopt xsavec xgetbv1 arat
bugs		: cpu_meltdown spectre_v1 spectre_v2 spec_store_bypass l1tf
bogomips	: 3215.49
clflush size	: 64
cache_alignment	: 64
address sizes	: 39 bits physical, 48 bits virtual
power management:

processor	: 3
vendor_id	: GenuineIntel
cpu family	: 6
model		: 142
model name	: 06/8e
stepping	: 9
microcode	: 0x1
cpu MHz		: 1607.914
cache size	: 4096 KB
physical id	: 0
siblings	: 4
core id		: 0
cpu cores	: 1
apicid		: 1
initial apicid	: 1
fpu		: yes
fpu_exception	: yes
cpuid level	: 13
wp		: yes
flags		: fpu vme de pse tsc msr pae mce cx8 apic sep mtrr pge mca cmov pat pse36 clflush mmx fxsr sse sse2 ss ht syscall nx pdpe1gb rdtscp lm constant_tsc arch_perfmon rep_good nopl xtopology nonstop_tsc cpuid tsc_known_freq pni pclmulqdq ssse3 fma cx16 pcid sse4_1 sse4_2 x2apic movbe popcnt aes xsave avx f16c rdrand hypervisor lahf_lm abm 3dnowprefetch invpcid_single pti fsgsbase tsc_adjust bmi1 hle avx2 smep bmi2 erms invpcid rtm mpx rdseed adx smap clflushopt xsaveopt xsavec xgetbv1 arat
bugs		: cpu_meltdown spectre_v1 spectre_v2 spec_store_bypass l1tf
bogomips	: 3215.49
clflush size	: 64
cache_alignment	: 64
address sizes	: 39 bits physical, 48 bits virtual
power management:



Memory: 4k page, physical 5074920k(204960k free), swap 0k(0k free)

vm_info: OpenJDK 64-Bit Server VM (25.152-b01) for linux-amd64 JRE (1.8.0_152-release-1024-b01), built by "builder" with gcc 4.8.4

time: Fri Sep 21 22:04:48 2018
elapsed time: 0 seconds (0d 0h 0m 0s)

